Arguments: 
  /data/data/com.termux/files/usr/bin/node /data/data/com.termux/files/usr/share/yarn/bin/yarn.js init

PATH: 
  /data/data/com.termux/files/home/.local/share/lvim/mason/bin:/data/data/com.termux/files/usr/bin:/data/data/com.termux/files/home/.local/bin

Yarn version: 
  1.22.19

Node version: 
  20.2.0

Platform: 
  android arm64

Trace: 
  Error: Can't answer a question unless a user TTY
      at ConsoleReporter.question (/data/data/com.termux/files/usr/share/yarn/lib/cli.js:92864:59)
      at Object.<anonymous> (/data/data/com.termux/files/usr/share/yarn/lib/cli.js:85054:38)
      at Generator.next (<anonymous>)
      at step (/data/data/com.termux/files/usr/share/yarn/lib/cli.js:310:30)
      at /data/data/com.termux/files/usr/share/yarn/lib/cli.js:321:13

npm manifest: 
  No manifest

yarn manifest: 
  No manifest

Lockfile: 
  No lockfile
